3
                SWAT2020               
               Rev. 681               
      Soil & Water Assessment Tool    
               PC Version             
 Program reading from file.cio . . . executing

0
                SWAT2020               
               Rev. 681               
      Soil & Water Assessment Tool    
               PC Version             
 Program reading from file.cio . . . executing

4
                SWAT2020               
               Rev. 681               
      Soil & Water Assessment Tool    
               PC Version             
 Program reading from file.cio . . . executing

1
                SWAT2020               
               Rev. 681               
      Soil & Water Assessment Tool    
               PC Version             
 Program reading from file.cio . . . executing

  Executing year    1
2
                SWAT2020               
               Rev. 681               
      Soil & Water Assessment Tool    
               PC Version             
 Program reading from file.cio . . . executing

  Executing year    1
  Executing year    1
  Executing year    1
  Executing year    2
  Executing year    2
  Executing year    2
  Executing year    2
  Executing year    3
  Executing year    3
  Executing year    1
  Executing year    3
  Executing year    3
  Executing year    4
  Executing year    4
  Executing year    2
  Executing year    4
  Executing year    4
  Executing year    5
  Executing year    5
  Executing year    3
  Executing year    5
  Executing year    5
  Executing year    6
  Executing year    6
  Executing year    4
  Executing year    6
  Executing year    6
  Executing year    7
  Executing year    7
  Executing year    5
  Executing year    7
  Executing year    7
  Executing year    8
  Executing year    8
  Executing year    8
  Executing year    6
  Executing year    8
  Executing year    9
  Executing year    9
  Executing year    9
  Executing year    7
  Executing year    9
  Executing year    8
  Executing year    9
  Executing year   10
  Executing year   10
  Executing year   10
  Executing year   10
  Executing year   10
  Executing year   11
  Executing year   11
  Executing year   11
  Executing year   11
  Executing year   11
  Executing year   12
  Executing year   12
  Executing year   12
  Executing year   12
  Executing year   12
  Executing year   13
  Executing year   13
  Executing year   13
  Executing year   13
  Executing year   13
  Executing year   14
  Executing year   14
  Executing year   14
  Executing year   14
  Executing year   14
  Executing year   15
  Executing year   15
  Executing year   15
  Executing year   15
  Executing year   15
  Executing year   16
  Executing year   16
  Executing year   16
  Executing year   16
  Executing year   16
  Executing year   17
  Executing year   17
  Executing year   17
  Executing year   17
  Executing year   17
  Executing year   18
  Executing year   18
  Executing year   18
  Executing year   18
  Executing year   18
  Executing year   19
  Executing year   19
  Executing year   19
  Executing year   19
  Executing year   19
  Executing year   20
  Executing year   20
  Executing year   20
  Executing year   20
  Executing year   20
  Executing year   21
  Executing year   21
  Executing year   21
  Executing year   21
  Executing year   21
  Executing year   22
  Executing year   22
  Executing year   22
  Executing year   22
  Executing year   22
  Executing year   23
  Executing year   23
  Executing year   23
  Executing year   23
  Executing year   23
  Executing year   24
  Executing year   24
  Executing year   24
  Executing year   24
  Executing year   24
  Executing year   25
  Executing year   25
  Executing year   25
  Executing year   25
  Executing year   25
  Executing year   26
  Executing year   26
  Executing year   26
  Executing year   26
  Executing year   26
  Executing year   27
  Executing year   27
  Executing year   27
  Executing year   27
  Executing year   27
  Executing year   28
  Executing year   28
  Executing year   28
  Executing year   28
  Executing year   28
  Executing year   29
  Executing year   29
  Executing year   29
  Executing year   29
  Executing year   29
  Executing year   30
  Executing year   30
  Executing year   30
  Executing year   30
  Executing year   30
  Executing year   31
  Executing year   31
  Executing year   31
  Executing year   31
  Executing year   31
  Executing year   32
  Executing year   32
  Executing year   32
  Executing year   32
  Executing year   32
  Executing year   33
  Executing year   33
  Executing year   33
  Executing year   33
  Executing year   33
  Executing year   34
  Executing year   34
  Executing year   34
  Executing year   34
  Executing year   34
  Executing year   35
  Executing year   35
  Executing year   35
  Executing year   35
  Executing year   35
  Executing year   36
  Executing year   36
  Executing year   36
  Executing year   36
  Executing year   36
  Executing year   37
  Executing year   37
  Executing year   37
  Executing year   37
  Executing year   38
  Executing year   37
  Executing year   38
  Executing year   38
  Executing year   38
  Executing year   38

 Execution successfully completed 
Note: The following floating-point exceptions are signalling: IEEE_INVALID_FLAG IEEE_UNDERFLOW_FLAG IEEE_DENORMAL

 Execution successfully completed 
Note: The following floating-point exceptions are signalling: IEEE_INVALID_FLAG IEEE_UNDERFLOW_FLAG IEEE_DENORMAL

 Execution successfully completed 
Note: The following floating-point exceptions are signalling: IEEE_INVALID_FLAG IEEE_UNDERFLOW_FLAG IEEE_DENORMAL

 Execution successfully completed 
Note: The following floating-point exceptions are signalling: IEEE_INVALID_FLAG IEEE_UNDERFLOW_FLAG IEEE_DENORMAL

 Execution successfully completed 
Note: The following floating-point exceptions are signalling: IEEE_INVALID_FLAG IEEE_UNDERFLOW_FLAG IEEE_DENORMAL
